0 info it worked if it ends with ok
1 verbose cli [ 'node', '/usr/local/bin/npm', 'publish' ]
2 info using npm@2.15.1
3 info using node@v0.12.15
4 verbose node symlink /usr/local/bin/node
5 verbose publish [ '.' ]
6 silly cache add args [ '.', null ]
7 verbose cache add spec .
8 silly cache add parsed spec { raw: '.',
8 silly cache add   scope: null,
8 silly cache add   name: null,
8 silly cache add   rawSpec: '.',
8 silly cache add   spec: '/Users/M8M/Sites/platform-pattern-library',
8 silly cache add   type: 'directory' }
9 verbose addLocalDirectory /Users/M8M/.npm/ushahidi-platform-pattern-library/3.6.4-0/package.tgz not in flight; packing
10 verbose correctMkdir /Users/M8M/.npm correctMkdir not in flight; initializing
11 verbose tar pack [ '/Users/M8M/.npm/ushahidi-platform-pattern-library/3.6.4-0/package.tgz',
11 verbose tar pack   '/Users/M8M/Sites/platform-pattern-library' ]
12 verbose tarball /Users/M8M/.npm/ushahidi-platform-pattern-library/3.6.4-0/package.tgz
13 verbose folder /Users/M8M/Sites/platform-pattern-library
14 info prepublish ushahidi-platform-pattern-library@3.6.4-0
15 verbose unsafe-perm in lifecycle true
16 verbose addLocalTarball adding from inside cache /Users/M8M/.npm/ushahidi-platform-pattern-library/3.6.4-0/package.tgz
17 verbose correctMkdir /Users/M8M/.npm correctMkdir not in flight; initializing
18 silly cache afterAdd ushahidi-platform-pattern-library@3.6.4-0
19 verbose afterAdd /Users/M8M/.npm/ushahidi-platform-pattern-library/3.6.4-0/package/package.json not in flight; writing
20 verbose correctMkdir /Users/M8M/.npm correctMkdir not in flight; initializing
21 verbose afterAdd /Users/M8M/.npm/ushahidi-platform-pattern-library/3.6.4-0/package/package.json written
22 silly publish { name: 'ushahidi-platform-pattern-library',
22 silly publish   description: 'Ushahidi Platform Pattern Library',
22 silly publish   version: '3.6.4-0',
22 silly publish   main: 'gulpfile.js',
22 silly publish   repository:
22 silly publish    { type: 'git',
22 silly publish      url: 'git+https://github.com/ushahidi/platform-pattern-library.git' },
22 silly publish   author: { name: 'Ushahidi' },
22 silly publish   license: 'AGPL-3.0',
22 silly publish   homepage: 'https://github.com/ushahidi/platform-pattern-library',
22 silly publish   scripts:
22 silly publish    { postinstall: '(which bower && bower install) || exit 0',
22 silly publish      prepublish: 'gulp build',
22 silly publish      jshint: 'jshint .' },
22 silly publish   devDependencies:
22 silly publish    { 'babel-preset-es2015': '^6.6.0',
22 silly publish      bower: '^1.3.12',
22 silly publish      gulp: '^3.8.8',
22 silly publish      'gulp-autoprefixer': '3.1.0',
22 silly publish      'gulp-babel': '^6.1.2',
22 silly publish      'gulp-concat': '~2.6',
22 silly publish      'gulp-connect': '~5.0.0',
22 silly publish      'gulp-coveralls': '^0.1.3',
22 silly publish      'gulp-declare': '^0.3.0',
22 silly publish      'gulp-exec': '^2.1.0',
22 silly publish      'gulp-file-include': '~0.14.0',
22 silly publish      'gulp-handlebars': '^4.0.0',
22 silly publish      'gulp-html5-lint': '^1.0.1',
22 silly publish      'gulp-insert': '~0.5.0',
22 silly publish      'gulp-livereload': '~3.8',
22 silly publish      'gulp-notify': '^2.0.1',
22 silly publish      'gulp-plumber': '^1.0',
22 silly publish      'gulp-rename': '~1.2.0',
22 silly publish      'gulp-sass': '~2.3',
22 silly publish      'gulp-sourcemaps': '~1.6',
22 silly publish      'gulp-uglify': '^2.0.0',
22 silly publish      'gulp-util': '^3.0',
22 silly publish      'gulp-wrap': '^0.13.0',
22 silly publish      handlebars: '3.0.3',
22 silly publish      'merge-stream': '^1.0.0',
22 silly publish      jshint: '^2.9.2',
22 silly publish      request: '^2.73.0',
22 silly publish      watchify: '^3.7' },
22 silly publish   readme: '# platform-pattern-library\nNew Platform UI (w/ Pattern Library) based on the Platform Design Framework\n\n### Libraries/Packages/Dependencies\n\n* Nodejs\n* Bower\n* Browserify\n* Gulp (and various gulp plugins)\n* Libsass/node-sass (via gulp-sass)\n* Bourbon\n* Neat\n\n### Install Build Requirements\n`npm install -g gulp`\n\n### Install Packages\n`npm install`\n\n*This will install both NPM and Bower dependencies! No separate `bower install` command is required.*\n\n### Download and Activate Live Reload Plugin\n\nhttp://feedback.livereload.com/knowledgebase/articles/86242-how-do-i-install-and-use-the-browser-extensions\n\n### Navigate to project root and run Gulp\n\n`gulp build`\n\n* generates fonts\n* compiles sass\n* minifies and concatenates js\n\n`gulp`\n\n* starts a webserver\n* watches for changes\n* compiles sass\n* minifies and concatenates js\n* live reloads appropriate files (sass, js or html)\n* sends a success notification\n',
22 silly publish   readmeFilename: 'README.md',
22 silly publish   gitHead: 'af9c8f3ffc6e281c8f2640b475496eca2269c408',
22 silly publish   bugs: { url: 'https://github.com/ushahidi/platform-pattern-library/issues' },
22 silly publish   _id: 'ushahidi-platform-pattern-library@3.6.4-0',
22 silly publish   _shasum: 'f28e7f718953108c5e070d3fea32de2a78be25a4',
22 silly publish   _from: '.' }
23 verbose getPublishConfig undefined
24 silly mapToRegistry name ushahidi-platform-pattern-library
25 silly mapToRegistry using default registry
26 silly mapToRegistry registry https://registry.npmjs.org/
27 silly mapToRegistry data { raw: 'ushahidi-platform-pattern-library',
27 silly mapToRegistry   scope: null,
27 silly mapToRegistry   name: 'ushahidi-platform-pattern-library',
27 silly mapToRegistry   rawSpec: '',
27 silly mapToRegistry   spec: 'latest',
27 silly mapToRegistry   type: 'tag' }
28 silly mapToRegistry uri https://registry.npmjs.org/ushahidi-platform-pattern-library
29 verbose publish registryBase https://registry.npmjs.org/
30 silly publish uploading /Users/M8M/.npm/ushahidi-platform-pattern-library/3.6.4-0/package.tgz
31 verbose request uri https://registry.npmjs.org/ushahidi-platform-pattern-library
32 verbose request sending authorization for write operation
33 info attempt registry request try #1 at 16:24:24
34 verbose request using bearer token for auth
35 verbose request id fafd6cdb78724734
36 http request PUT https://registry.npmjs.org/ushahidi-platform-pattern-library
37 http 403 https://registry.npmjs.org/ushahidi-platform-pattern-library
38 verbose headers { 'content-type': 'application/json',
38 verbose headers   'cache-control': 'max-age=300',
38 verbose headers   'content-length': '97',
38 verbose headers   'accept-ranges': 'bytes',
38 verbose headers   date: 'Mon, 09 Jan 2017 21:25:10 GMT',
38 verbose headers   via: '1.1 varnish',
38 verbose headers   connection: 'keep-alive',
38 verbose headers   'x-served-by': 'cache-iad2136-IAD',
38 verbose headers   'x-cache': 'MISS',
38 verbose headers   'x-cache-hits': '0',
38 verbose headers   'x-timer': 'S1483997065.135839,VS0,VE45118',
38 verbose headers   vary: 'Accept-Encoding' }
39 verbose request invalidating /Users/M8M/.npm/registry.npmjs.org/ushahidi-platform-pattern-library on PUT
40 error publish Failed PUT 403
41 verbose stack Error: "You cannot publish over the previously published version 3.6.4-0." : ushahidi-platform-pattern-library
41 verbose stack     at makeError (/usr/local/lib/node_modules/npm/node_modules/npm-registry-client/lib/request.js:264:12)
41 verbose stack     at CachingRegistryClient.<anonymous> (/usr/local/lib/node_modules/npm/node_modules/npm-registry-client/lib/request.js:252:14)
41 verbose stack     at Request._callback (/usr/local/lib/node_modules/npm/node_modules/npm-registry-client/lib/request.js:172:14)
41 verbose stack     at Request.self.callback (/usr/local/lib/node_modules/npm/node_modules/request/request.js:199:22)
41 verbose stack     at Request.emit (events.js:110:17)
41 verbose stack     at Request.<anonymous> (/usr/local/lib/node_modules/npm/node_modules/request/request.js:1036:10)
41 verbose stack     at Request.emit (events.js:129:20)
41 verbose stack     at IncomingMessage.<anonymous> (/usr/local/lib/node_modules/npm/node_modules/request/request.js:963:12)
41 verbose stack     at IncomingMessage.emit (events.js:129:20)
41 verbose stack     at _stream_readable.js:908:16
42 verbose statusCode 403
43 verbose pkgid ushahidi-platform-pattern-library
44 verbose cwd /Users/M8M/Sites/platform-pattern-library
45 error Darwin 16.3.0
46 error argv "node" "/usr/local/bin/npm" "publish"
47 error node v0.12.15
48 error npm  v2.15.1
49 error code E403
50 error "You cannot publish over the previously published version 3.6.4-0." : ushahidi-platform-pattern-library
51 error If you need help, you may report this error at:
51 error     <https://github.com/npm/npm/issues>
52 verbose exit [ 1, true ]
